Traceback (most recent call last):
  File "/usr/local/lib/python3.10/site-packages/jupyter_cache/executors/utils.py", line 58, in single_nb_execution
    executenb(
  File "/usr/local/lib/python3.10/site-packages/nbclient/client.py", line 1314, in execute
    return NotebookClient(nb=nb, resources=resources, km=km, **kwargs).execute()
  File "/usr/local/lib/python3.10/site-packages/jupyter_core/utils/__init__.py", line 166, in wrapped
    return loop.run_until_complete(inner)
  File "/usr/local/Cellar/python@3.10/3.10.8/Frameworks/Python.framework/Versions/3.10/lib/python3.10/asyncio/base_events.py", line 649, in run_until_complete
    return future.result()
  File "/usr/local/lib/python3.10/site-packages/nbclient/client.py", line 709, in async_execute
    await self.async_execute_cell(
  File "/usr/local/lib/python3.10/site-packages/nbclient/client.py", line 1062, in async_execute_cell
    await self._check_raise_for_error(cell, cell_index, exec_reply)
  File "/usr/local/lib/python3.10/site-packages/nbclient/client.py", line 918, in _check_raise_for_error
    raise CellExecutionError.from_cell_and_msg(cell, exec_reply_content)
nbclient.exceptions.CellExecutionError: An error occurred while executing the following cell:
------------------
from ipywidgets import interact, interactive, fixed, interact_manual
import ipywidgets as widgets

def Reed_Frost_Dynamical_system(sims=10, T=15, N=1000, i0=1, p=0.02,show=True):
    def evolve(T,N,i0,p):
        import numpy as np 
        import matplotlib.pyplot as plt

        infectors    = [i0]
        removed      = [0]
        susceptibles = [N-i0]
        for t in range(T):
            i_tp1 = np.random.binomial(n=susceptibles[-1], p=1-(1-p)**( infectors[-1] ) , size=1  ) [0]
            s_tp1 = susceptibles[-1] - i_tp1
            r_tp1 = removed[-1] + infectors[-1]

            infectors.append(i_tp1)
            susceptibles.append(s_tp1)
            removed.append(r_tp1)
        infectors = np.array(infectors)

        return infectors

    fig,ax = plt.subplots()
    for _ in range(sims):
        infectors = evolve(T,N,i0,p)
        ax.plot(infectors)
    ax.set_ylim(0,75)
    ax.set_xlabel("Time units (t)",fontsize=10)
    ax.set_ylabel("Number of infectors (It)",fontsize=10)
    if show:
        plt.show()
    return ax
        

interact(Reed_Frost_Dynamical_system
         ,T=fixed(15)
         ,N=fixed(100)
         ,r0=fixed(0)
         ,sims=widgets.IntSlider(min=10, max=100, step=10, value=50) 
         ,i0=widgets.IntSlider(min=0, max=20, step=1, value=1) 
         ,p=(0,0.1,0.00125)
        ,show=True)
------------------


[0;31m---------------------------------------------------------------------------[0m
[0;31mModuleNotFoundError[0m                       Traceback (most recent call last)
Cell [0;32mIn[1], line 1[0m
[0;32m----> 1[0m [38;5;28;01mfrom[39;00m [38;5;21;01mipywidgets[39;00m [38;5;28;01mimport[39;00m interact, interactive, fixed, interact_manual
[1;32m      2[0m [38;5;28;01mimport[39;00m [38;5;21;01mipywidgets[39;00m [38;5;28;01mas[39;00m [38;5;21;01mwidgets[39;00m
[1;32m      4[0m [38;5;28;01mdef[39;00m [38;5;21mReed_Frost_Dynamical_system[39m(sims[38;5;241m=[39m[38;5;241m10[39m, T[38;5;241m=[39m[38;5;241m15[39m, N[38;5;241m=[39m[38;5;241m1000[39m, i0[38;5;241m=[39m[38;5;241m1[39m, p[38;5;241m=[39m[38;5;241m0.02[39m,show[38;5;241m=[39m[38;5;28;01mTrue[39;00m):

[0;31mModuleNotFoundError[0m: No module named 'ipywidgets'

